Name                                            Stmts   Miss  Cover   Missing
-----------------------------------------------------------------------------
hydroseason\__init__.py                            14      0   100%
hydroseason\__main__.py                             3      3     0%   6-9
hydroseason\_aggregation.py                        28      8    71%   11, 22-28
hydroseason\_aoi_context.py                        57      2    96%   38, 74
hydroseason\_aoi_map.py                            32      0   100%
hydroseason\_batch_scheduler.py                    95      4    96%   144, 158, 160, 162
hydroseason\_boundary.py                          214      9    96%   159, 164, 227-229, 261-264, 343
hydroseason\_boundary_geometry.py                  59      2    97%   98, 158
hydroseason\_boundary_validation.py                32      1    97%   37
hydroseason\_calibration.py                       781     33    96%   133, 147, 159, 163, 203-207, 363, 372, 378, 405-408, 513-553, 1235, 1361-1362, 1431, 1439, 1562, 1628, 1953, 2075
hydroseason\_catchment.py                         146     58    60%   134, 139-145, 163-203, 460-533
hydroseason\_circular_timing.py                   285     28    90%   55, 66, 73, 80, 111, 133, 135, 137, 139, 145, 216, 234, 236, 238, 240, 242, 248, 265, 303-304, 322, 351, 411, 435, 438, 459, 461, 464
hydroseason\_condition.py                         157      6    96%   74, 76, 78, 106-107, 257
hydroseason\_decision_policy.py                    46      0   100%
hydroseason\_diagnostics.py                        67      5    93%   101, 136-137, 150, 179
hydroseason\_dynamic_year.py                      554     27    95%   126, 128, 148, 152, 154, 156, 158, 241, 310-315, 317, 482, 759-767, 1015, 1087, 1112, 1195, 1244-1246, 1261-1263
hydroseason\_events.py                            131      7    95%   91, 213, 215, 217, 219, 227, 287
hydroseason\_harmonic.py                          232     21    91%   108, 126, 129, 137, 151, 169, 177, 200, 246, 263, 318-319, 329, 331, 352, 356, 402, 406, 410, 419, 425
hydroseason\_io_extent.py                          40      9    78%   29, 46, 52-58, 66
hydroseason\_io_preflight_stats.py                287     37    87%   59, 135-163, 187, 199-200, 208-209, 248, 262, 323, 326, 332, 334, 337, 343, 347, 355, 361, 369, 371-373, 527, 539
hydroseason\_phase.py                             162      9    94%   72, 86, 95, 115, 140, 150, 190, 206, 317
hydroseason\_phase_scheme.py                       35      6    83%   26, 56, 58-61
hydroseason\_preflight_candidate.py               166     28    83%   19, 23, 27, 33, 41, 49, 57, 76, 120, 183, 207-210, 229, 288-289, 296-305, 329, 335-336
hydroseason\_preflight_feasibility.py              62      0   100%
hydroseason\_preflight_monthly.py                 174     46    74%   39, 45, 78-79, 87-90, 97-110, 120-126, 136-137, 152, 156, 160, 164, 167, 274-275, 284, 287, 299-300, 306, 309-311, 315-318
hydroseason\_preflight_monthly_input.py           244    209    14%   38-45, 65, 69-73, 77-86, 90-98, 102-104, 108-116, 124-150, 154-171, 175-189, 193-197, 213-219, 223-233, 252-272, 280-282, 286-385, 408-505
hydroseason\_preflight_types.py                   191     12    94%   59, 61, 74, 88, 131, 134, 136, 138, 142, 144, 225, 422
hydroseason\_progress.py                           71      0   100%
hydroseason\_rainfall.py                          115     62    46%   50, 78, 113, 127, 143, 148-153, 167-170, 201-225, 236-276, 284-290
hydroseason\_recurrence_calibration.py            152      1    99%   303
hydroseason\_recurrence_identifiability.py         59      2    97%   35, 73
hydroseason\_recurrence_synthetic.py               74      5    93%   71, 76-80, 114-115
hydroseason\_regime.py                            114      2    98%   107, 157
hydroseason\_regime_compare.py                     53      3    94%   158, 163, 206
hydroseason\_report_copy.py                       134      8    94%   33-35, 56, 121, 125, 133, 192
hydroseason\_report_export.py                     207     21    90%   174-175, 247, 249, 254, 285, 298, 377, 465, 485, 526-536
hydroseason\_report_html.py                       214      7    97%   68, 160, 187-188, 252-254
hydroseason\_report_plotly.py                     273      7    97%   44, 375, 405, 479, 501, 507, 638
hydroseason\_scientific_defaults.py                20      0   100%
hydroseason\_seasonality.py                        97     12    88%   97, 99, 103, 109, 115, 120, 122, 126, 135, 146, 155, 244
hydroseason\_state_input.py                        63     12    81%   21, 23, 36-37, 40, 49-50, 54, 57, 69, 74, 116
hydroseason\_synthetic.py                         693      9    99%   87, 122-123, 541, 544, 661, 664, 862, 1066
hydroseason\_timing_identifiability.py            195      3    98%   41, 51, 348
hydroseason\_trough_refinement.py                 518     85    84%   32, 34, 36, 38, 94-116, 126-141, 158-196, 302, 446, 491, 529, 552, 582, 589, 597, 621, 782, 789, 798, 821, 840, 866, 882, 976-977, 982-983, 1015, 1127, 1151, 1184, 1249, 1286
hydroseason\_trough_refinement_calibration.py     155     13    92%   108, 113-117, 179, 182, 189-190, 195, 218, 221
hydroseason\_trough_refinement_defaults.py          4      0   100%
hydroseason\_workflow_input.py                    120     17    86%   42, 44, 46, 50-51, 63, 70-71, 81, 88, 99, 109, 112, 141, 189, 205, 229
hydroseason\batch.py                              144      8    94%   72, 177, 180-181, 190-191, 193, 195
hydroseason\cli.py                                 85      1    99%   197
hydroseason\examples.py                            63      6    90%   92, 96, 134, 180, 224-237
hydroseason\hydro_year.py                         282     15    95%   77, 95, 97, 157, 198-200, 397, 399, 448, 458, 502, 509, 546, 550
hydroseason\hydrological_state.py                  35      0   100%
hydroseason\preflight.py                          124     20    84%   153, 157-160, 216, 222-223, 229, 427-436, 449-450, 498-499, 517
hydroseason\report.py                             139     19    86%   63, 76-89, 103, 105, 107, 110
hydroseason\workflow.py                           167      3    98%   130-131, 252
-----------------------------------------------------------------------------
TOTAL                                            8664    911    89%
